<?xml version="1.0" encoding="UTF-8"?>
<testng-results ignored="0" total="1" passed="1" failed="0" skipped="0">
  <reporter-output>
  </reporter-output>
  <suite started-at="2023-04-21T04:10:25Z" name="Default suite" finished-at="2023-04-21T04:10:30Z" duration-ms="4814">
    <groups>
    </groups>
    <test started-at="2023-04-21T04:10:25Z" name="Default test" finished-at="2023-04-21T04:10:30Z" duration-ms="4814">
      <class name="variousConcepts.LearnTestNG">
        <test-method is-config="true" signature="init()[pri:0, instance:variousConcepts.LearnTestNG@babafc2]" started-at="2023-04-21T04:10:25Z" name="init" finished-at="2023-04-21T04:10:28Z" duration-ms="3702" status="PASS">
          <reporter-output>
          </reporter-output>
        </test-method> <!-- init -->
        <test-method signature="LoginTest()[pri:0, instance:variousConcepts.LearnTestNG@babafc2]" started-at="2023-04-21T04:10:28Z" name="LoginTest" finished-at="2023-04-21T04:10:30Z" duration-ms="1083" status="PASS">
          <reporter-output>
          </reporter-output>
        </test-method> <!-- LoginTest -->
      </class> <!-- variousConcepts.LearnTestNG -->
    </test> <!-- Default test -->
  </suite> <!-- Default suite -->
</testng-results>
